c:\users\pc\downloads\revancedauto-apkbuilder-main\revancedapkbuilder\release\vc143.pdb
c:\users\pc\downloads\revancedauto-apkbuilder-main\revancedapkbuilder\release\revancedapkbuilder.obj
c:\users\pc\downloads\revancedauto-apkbuilder-main\revancedapkbuilder\release\restartprogram.obj
c:\users\pc\downloads\revancedauto-apkbuilder-main\revancedapkbuilder\release\patches.obj
c:\users\pc\downloads\revancedauto-apkbuilder-main\revancedapkbuilder\release\lastversionport.obj
c:\users\pc\downloads\revancedauto-apkbuilder-main\revancedapkbuilder\release\files.obj
c:\users\pc\downloads\revancedauto-apkbuilder-main\revancedapkbuilder\release\errorinputhandling.obj
c:\users\pc\downloads\revancedauto-apkbuilder-main\release\revancedapkbuilder.exe
c:\users\pc\downloads\revancedauto-apkbuilder-main\revancedapkbuilder\release\revancedapkbuilder.ipdb
c:\users\pc\downloads\revancedauto-apkbuilder-main\revancedapkbuilder\release\revancedapkbuilder.iobj
c:\users\pc\downloads\revancedauto-apkbuilder-main\release\revancedapkbuilder.pdb
c:\users\pc\downloads\revancedauto-apkbuilder-main\revancedapkbuilder\release\revancedapkbuilder.res
c:\users\pc\downloads\revancedauto-apkbuilder-main\revancedapkbuilder\release\revanced.d80843c4.tlog\cl.command.1.tlog
c:\users\pc\downloads\revancedauto-apkbuilder-main\revancedapkbuilder\release\revanced.d80843c4.tlog\cl.read.1.tlog
c:\users\pc\downloads\revancedauto-apkbuilder-main\revancedapkbuilder\release\revanced.d80843c4.tlog\cl.write.1.tlog
c:\users\pc\downloads\revancedauto-apkbuilder-main\revancedapkbuilder\release\revanced.d80843c4.tlog\link.command.1.tlog
c:\users\pc\downloads\revancedauto-apkbuilder-main\revancedapkbuilder\release\revanced.d80843c4.tlog\link.read.1.tlog
c:\users\pc\downloads\revancedauto-apkbuilder-main\revancedapkbuilder\release\revanced.d80843c4.tlog\link.write.1.tlog
c:\users\pc\downloads\revancedauto-apkbuilder-main\revancedapkbuilder\release\revanced.d80843c4.tlog\rc.command.1.tlog
c:\users\pc\downloads\revancedauto-apkbuilder-main\revancedapkbuilder\release\revanced.d80843c4.tlog\rc.read.1.tlog
c:\users\pc\downloads\revancedauto-apkbuilder-main\revancedapkbuilder\release\revanced.d80843c4.tlog\rc.write.1.tlog
